# JRE version: OpenJDK Runtime Environment Temurin-17.0.13+11 (17.0.13+11) (build 17.0.13+11)
# Java VM: OpenJDK 64-Bit Server VM Temurin-17.0.13+11 (17.0.13+11, mixed mode, tiered, compressed oops, compressed class ptrs, parallel gc, windows-amd64)
GC Precious Log:
 CPUs: 8 total, 8 available
 Memory: 8025M
 Large Page Support: Disabled
 NUMA Support: Disabled
 Compressed Oops: Enabled (32-bit)
 Alignments: Space 512K, Generation 512K, Heap 2M
 Heap Min Capacity: 100M
 Heap Initial Capacity: 100M
 Heap Max Capacity: 1G
 Pre-touch: Disabled
 Parallel Workers: 8
Heap:
 PSYoungGen      total 4096K, used 2864K [0x00000000eab00000, 0x00000000eb000000, 0x0000000100000000)
  eden space 3072K, 77% used [0x00000000eab00000,0x00000000ead54028,0x00000000eae00000)
  from space 1024K, 46% used [0x00000000eaf00000,0x00000000eaf78000,0x00000000eb000000)
  to   space 1024K, 0% used [0x00000000eae00000,0x00000000eae00000,0x00000000eaf00000)
 ParOldGen       total 196096K, used 187694K [0x00000000c0000000, 0x00000000cbf80000, 0x00000000eab00000)
  object space 196096K, 95% used [0x00000000c0000000,0x00000000cb74bb78,0x00000000cbf80000)
 Metaspace       used 69690K, committed 71040K, reserved 1114112K
  class space    used 7274K, committed 7872K, reserved 1048576K
GC Heap History (20 events):
Event: 18.997 GC heap before
{Heap before GC invocations=249 (full 9):
 PSYoungGen      total 2048K, used 1883K [0x00000000eab00000, 0x00000000eae00000, 0x0000000100000000)
  eden space 1536K, 99% used [0x00000000eab00000,0x00000000eac7ed38,0x00000000eac80000)
  from space 512K, 68% used [0x00000000eac80000,0x00000000eacd8020,0x00000000ead00000)
  to   space 512K, 0% used [0x00000000ead80000,0x00000000ead80000,0x00000000eae00000)
 ParOldGen       total 196096K, used 182366K [0x00000000c0000000, 0x00000000cbf80000, 0x00000000eab00000)
  object space 196096K, 92% used [0x00000000c0000000,0x00000000cb2179d0,0x00000000cbf80000)
 Metaspace       used 69690K, committed 71040K, reserved 1114112K
  class space    used 7274K, committed 7872K, reserved 1048576K
}
Event: 18.998 GC heap after
{Heap after GC invocations=249 (full 9):
 PSYoungGen      total 2048K, used 405K [0x00000000eab00000, 0x00000000eae00000, 0x0000000100000000)
  eden space 1536K, 0% used [0x00000000eab00000,0x00000000eab00000,0x00000000eac80000)
  from space 512K, 79% used [0x00000000ead80000,0x00000000eade55b0,0x00000000eae00000)
  to   space 512K, 0% used [0x00000000eac80000,0x00000000eac80000,0x00000000ead00000)
 ParOldGen       total 196096K, used 182470K [0x00000000c0000000, 0x00000000cbf80000, 0x00000000eab00000)
  object space 196096K, 93% used [0x00000000c0000000,0x00000000cb2319f0,0x00000000cbf80000)
 Metaspace       used 69690K, committed 71040K, reserved 1114112K
  class space    used 7274K, committed 7872K, reserved 1048576K
}
Event: 19.008 GC heap before
{Heap before GC invocations=250 (full 9):
 PSYoungGen      total 2048K, used 1941K [0x00000000eab00000, 0x00000000eae00000, 0x0000000100000000)
  eden space 1536K, 100% used [0x00000000eab00000,0x00000000eac80000,0x00000000eac80000)
  from space 512K, 79% used [0x00000000ead80000,0x00000000eade55b0,0x00000000eae00000)
  to   space 512K, 0% used [0x00000000eac80000,0x00000000eac80000,0x00000000ead00000)
 ParOldGen       total 196096K, used 182470K [0x00000000c0000000, 0x00000000cbf80000, 0x00000000eab00000)
  object space 196096K, 93% used [0x00000000c0000000,0x00000000cb2319f0,0x00000000cbf80000)
 Metaspace       used 69690K, committed 71040K, reserved 1114112K
  class space    used 7274K, committed 7872K, reserved 1048576K
}
Event: 19.009 GC heap after
{Heap after GC invocations=250 (full 9):
 PSYoungGen      total 2048K, used 501K [0x00000000eab00000, 0x00000000eae80000, 0x0000000100000000)
  eden space 1536K, 0% used [0x00000000eab00000,0x00000000eab00000,0x00000000eac80000)
  from space 512K, 97% used [0x00000000eac80000,0x00000000eacfd480,0x00000000ead00000)
  to   space 1024K, 0% used [0x00000000ead80000,0x00000000ead80000,0x00000000eae80000)
 ParOldGen       total 196096K, used 182526K [0x00000000c0000000, 0x00000000cbf80000, 0x00000000eab00000)
  object space 196096K, 93% used [0x00000000c0000000,0x00000000cb23f9f0,0x00000000cbf80000)
 Metaspace       used 69690K, committed 71040K, reserved 1114112K
  class space    used 7274K, committed 7872K, reserved 1048576K
}
Event: 19.016 GC heap before
{Heap before GC invocations=251 (full 9):
 PSYoungGen      total 2048K, used 1961K [0x00000000eab00000, 0x00000000eae80000, 0x0000000100000000)
  eden space 1536K, 95% used [0x00000000eab00000,0x00000000eac6d338,0x00000000eac80000)
  from space 512K, 97% used [0x00000000eac80000,0x00000000eacfd480,0x00000000ead00000)
  to   space 1024K, 0% used [0x00000000ead80000,0x00000000ead80000,0x00000000eae80000)
 ParOldGen       total 196096K, used 182526K [0x00000000c0000000, 0x00000000cbf80000, 0x00000000eab00000)
  object space 196096K, 93% used [0x00000000c0000000,0x00000000cb23f9f0,0x00000000cbf80000)
 Metaspace       used 69690K, committed 71040K, reserved 1114112K
  class space    used 7274K, committed 7872K, reserved 1048576K
}
Event: 19.018 GC heap after
{Heap after GC invocations=251 (full 9):
 PSYoungGen      total 2560K, used 512K [0x00000000eab00000, 0x00000000eae80000, 0x0000000100000000)
  eden space 1536K, 0% used [0x00000000eab00000,0x00000000eab00000,0x00000000eac80000)
  from space 1024K, 50% used [0x00000000ead80000,0x00000000eae00000,0x00000000eae80000)
  to   space 1024K, 0% used [0x00000000eac80000,0x00000000eac80000,0x00000000ead80000)
 ParOldGen       total 196096K, used 182736K [0x00000000c0000000, 0x00000000cbf80000, 0x00000000eab00000)
  object space 196096K, 93% used [0x00000000c0000000,0x00000000cb274078,0x00000000cbf80000)
 Metaspace       used 69690K, committed 71040K, reserved 1114112K
  class space    used 7274K, committed 7872K, reserved 1048576K
}
Event: 19.025 GC heap before
{Heap before GC invocations=252 (full 9):
 PSYoungGen      total 2560K, used 2048K [0x00000000eab00000, 0x00000000eae80000, 0x0000000100000000)
  eden space 1536K, 100% used [0x00000000eab00000,0x00000000eac80000,0x00000000eac80000)
  from space 1024K, 50% used [0x00000000ead80000,0x00000000eae00000,0x00000000eae80000)
  to   space 1024K, 0% used [0x00000000eac80000,0x00000000eac80000,0x00000000ead80000)
 ParOldGen       total 196096K, used 182736K [0x00000000c0000000, 0x00000000cbf80000, 0x00000000eab00000)
  object space 196096K, 93% used [0x00000000c0000000,0x00000000cb274078,0x00000000cbf80000)
 Metaspace       used 69690K, committed 71040K, reserved 1114112K
  class space    used 7274K, committed 7872K, reserved 1048576K
}
Event: 19.027 GC heap after
{Heap after GC invocations=252 (full 9):
 PSYoungGen      total 2560K, used 512K [0x00000000eab00000, 0x00000000eaf00000, 0x0000000100000000)
  eden space 1536K, 0% used [0x00000000eab00000,0x00000000eab00000,0x00000000eac80000)
  from space 1024K, 50% used [0x00000000eac80000,0x00000000ead00000,0x00000000ead80000)
  to   space 1024K, 0% used [0x00000000eae00000,0x00000000eae00000,0x00000000eaf00000)
 ParOldGen       total 196096K, used 182961K [0x00000000c0000000, 0x00000000cbf80000, 0x00000000eab00000)
  object space 196096K, 93% used [0x00000000c0000000,0x00000000cb2ac7b0,0x00000000cbf80000)
 Metaspace       used 69690K, committed 71040K, reserved 1114112K
  class space    used 7274K, committed 7872K, reserved 1048576K
}
Event: 19.035 GC heap before
{Heap before GC invocations=253 (full 9):
 PSYoungGen      total 2560K, used 2048K [0x00000000eab00000, 0x00000000eaf00000, 0x0000000100000000)
  eden space 1536K, 100% used [0x00000000eab00000,0x00000000eac80000,0x00000000eac80000)
  from space 1024K, 50% used [0x00000000eac80000,0x00000000ead00000,0x00000000ead80000)
  to   space 1024K, 0% used [0x00000000eae00000,0x00000000eae00000,0x00000000eaf00000)
 ParOldGen       total 196096K, used 182961K [0x00000000c0000000, 0x00000000cbf80000, 0x00000000eab00000)
  object space 196096K, 93% used [0x00000000c0000000,0x00000000cb2ac7b0,0x00000000cbf80000)
 Metaspace       used 69690K, committed 71040K, reserved 1114112K
  class space    used 7274K, committed 7872K, reserved 1048576K
}
Event: 19.038 GC heap after
{Heap after GC invocations=253 (full 9):
 PSYoungGen      total 2560K, used 416K [0x00000000eab00000, 0x00000000eae80000, 0x0000000100000000)
  eden space 2048K, 0% used [0x00000000eab00000,0x00000000eab00000,0x00000000ead00000)
  from space 512K, 81% used [0x00000000eae00000,0x00000000eae68000,0x00000000eae80000)
  to   space 512K, 0% used [0x00000000ead80000,0x00000000ead80000,0x00000000eae00000)
 ParOldGen       total 196096K, used 183363K [0x00000000c0000000, 0x00000000cbf80000, 0x00000000eab00000)
  object space 196096K, 93% used [0x00000000c0000000,0x00000000cb310e40,0x00000000cbf80000)
 Metaspace       used 69690K, committed 71040K, reserved 1114112K
  class space    used 7274K, committed 7872K, reserved 1048576K
}
Event: 19.056 GC heap before
{Heap before GC invocations=254 (full 9):
 PSYoungGen      total 2560K, used 2459K [0x00000000eab00000, 0x00000000eae80000, 0x0000000100000000)
  eden space 2048K, 99% used [0x00000000eab00000,0x00000000eacfef10,0x00000000ead00000)
  from space 512K, 81% used [0x00000000eae00000,0x00000000eae68000,0x00000000eae80000)
  to   space 512K, 0% used [0x00000000ead80000,0x00000000ead80000,0x00000000eae00000)
 ParOldGen       total 196096K, used 183363K [0x00000000c0000000, 0x00000000cbf80000, 0x00000000eab00000)
  object space 196096K, 93% used [0x00000000c0000000,0x00000000cb310e40,0x00000000cbf80000)
 Metaspace       used 69690K, committed 71040K, reserved 1114112K
  class space    used 7274K, committed 7872K, reserved 1048576K
}
Event: 19.058 GC heap after
{Heap after GC invocations=254 (full 9):
 PSYoungGen      total 3072K, used 468K [0x00000000eab00000, 0x00000000eae80000, 0x0000000100000000)
  eden space 2560K, 0% used [0x00000000eab00000,0x00000000eab00000,0x00000000ead80000)
  from space 512K, 91% used [0x00000000ead80000,0x00000000eadf5238,0x00000000eae00000)
  to   space 512K, 0% used [0x00000000eae00000,0x00000000eae00000,0x00000000eae80000)
 ParOldGen       total 196096K, used 183605K [0x00000000c0000000, 0x00000000cbf80000, 0x00000000eab00000)
  object space 196096K, 93% used [0x00000000c0000000,0x00000000cb34d5d0,0x00000000cbf80000)
 Metaspace       used 69690K, committed 71040K, reserved 1114112K
  class space    used 7274K, committed 7872K, reserved 1048576K
}
Event: 19.075 GC heap before
{Heap before GC invocations=255 (full 9):
 PSYoungGen      total 3072K, used 3028K [0x00000000eab00000, 0x00000000eae80000, 0x0000000100000000)
  eden space 2560K, 100% used [0x00000000eab00000,0x00000000ead80000,0x00000000ead80000)
  from space 512K, 91% used [0x00000000ead80000,0x00000000eadf5238,0x00000000eae00000)
  to   space 512K, 0% used [0x00000000eae00000,0x00000000eae00000,0x00000000eae80000)
 ParOldGen       total 196096K, used 183605K [0x00000000c0000000, 0x00000000cbf80000, 0x00000000eab00000)
  object space 196096K, 93% used [0x00000000c0000000,0x00000000cb34d5d0,0x00000000cbf80000)
 Metaspace       used 69690K, committed 71040K, reserved 1114112K
  class space    used 7274K, committed 7872K, reserved 1048576K
}
Event: 19.077 GC heap after
{Heap after GC invocations=255 (full 9):
 PSYoungGen      total 2560K, used 508K [0x00000000eab00000, 0x00000000eb000000, 0x0000000100000000)
  eden space 2048K, 0% used [0x00000000eab00000,0x00000000eab00000,0x00000000ead00000)
  from space 512K, 99% used [0x00000000eae00000,0x00000000eae7f1b8,0x00000000eae80000)
  to   space 1024K, 0% used [0x00000000ead00000,0x00000000ead00000,0x00000000eae00000)
 ParOldGen       total 196096K, used 183949K [0x00000000c0000000, 0x00000000cbf80000, 0x00000000eab00000)
  object space 196096K, 93% used [0x00000000c0000000,0x00000000cb3a3600,0x00000000cbf80000)
 Metaspace       used 69690K, committed 71040K, reserved 1114112K
  class space    used 7274K, committed 7872K, reserved 1048576K
}
Event: 19.082 GC heap before
{Heap before GC invocations=256 (full 9):
 PSYoungGen      total 2560K, used 2545K [0x00000000eab00000, 0x00000000eb000000, 0x0000000100000000)
  eden space 2048K, 99% used [0x00000000eab00000,0x00000000eacfd2b8,0x00000000ead00000)
  from space 512K, 99% used [0x00000000eae00000,0x00000000eae7f1b8,0x00000000eae80000)
  to   space 1024K, 0% used [0x00000000ead00000,0x00000000ead00000,0x00000000eae00000)
 ParOldGen       total 196096K, used 183949K [0x00000000c0000000, 0x00000000cbf80000, 0x00000000eab00000)
  object space 196096K, 93% used [0x00000000c0000000,0x00000000cb3a3600,0x00000000cbf80000)
 Metaspace       used 69690K, committed 71040K, reserved 1114112K
  class space    used 7274K, committed 7872K, reserved 1048576K
}
Event: 19.084 GC heap after
{Heap after GC invocations=256 (full 9):
 PSYoungGen      total 3072K, used 721K [0x00000000eab00000, 0x00000000eaf80000, 0x0000000100000000)
  eden space 2048K, 0% used [0x00000000eab00000,0x00000000eab00000,0x00000000ead00000)
  from space 1024K, 70% used [0x00000000ead00000,0x00000000eadb4708,0x00000000eae00000)
  to   space 1024K, 0% used [0x00000000eae80000,0x00000000eae80000,0x00000000eaf80000)
 ParOldGen       total 196096K, used 184309K [0x00000000c0000000, 0x00000000cbf80000, 0x00000000eab00000)
  object space 196096K, 93% used [0x00000000c0000000,0x00000000cb3fd608,0x00000000cbf80000)
 Metaspace       used 69690K, committed 71040K, reserved 1114112K
  class space    used 7274K, committed 7872K, reserved 1048576K
}
Event: 19.093 GC heap before
{Heap before GC invocations=257 (full 9):
 PSYoungGen      total 3072K, used 2769K [0x00000000eab00000, 0x00000000eaf80000, 0x0000000100000000)
  eden space 2048K, 100% used [0x00000000eab00000,0x00000000ead00000,0x00000000ead00000)
  from space 1024K, 70% used [0x00000000ead00000,0x00000000eadb4708,0x00000000eae00000)
  to   space 1024K, 0% used [0x00000000eae80000,0x00000000eae80000,0x00000000eaf80000)
 ParOldGen       total 196096K, used 184309K [0x00000000c0000000, 0x00000000cbf80000, 0x00000000eab00000)
  object space 196096K, 93% used [0x00000000c0000000,0x00000000cb3fd608,0x00000000cbf80000)
 Metaspace       used 69690K, committed 71040K, reserved 1114112K
  class space    used 7274K, committed 7872K, reserved 1048576K
}
Event: 19.095 GC heap after
{Heap after GC invocations=257 (full 9):
 PSYoungGen      total 3584K, used 820K [0x00000000eab00000, 0x00000000eaf80000, 0x0000000100000000)
  eden space 2560K, 0% used [0x00000000eab00000,0x00000000eab00000,0x00000000ead80000)
  from space 1024K, 80% used [0x00000000eae80000,0x00000000eaf4d160,0x00000000eaf80000)
  to   space 1024K, 0% used [0x00000000ead80000,0x00000000ead80000,0x00000000eae80000)
 ParOldGen       total 196096K, used 184523K [0x00000000c0000000, 0x00000000cbf80000, 0x00000000eab00000)
  object space 196096K, 94% used [0x00000000c0000000,0x00000000cb432c38,0x00000000cbf80000)
 Metaspace       used 69690K, committed 71040K, reserved 1114112K
  class space    used 7274K, committed 7872K, reserved 1048576K
}
Event: 19.104 GC heap before
{Heap before GC invocations=258 (full 9):
 PSYoungGen      total 3584K, used 3380K [0x00000000eab00000, 0x00000000eaf80000, 0x0000000100000000)
  eden space 2560K, 100% used [0x00000000eab00000,0x00000000ead80000,0x00000000ead80000)
  from space 1024K, 80% used [0x00000000eae80000,0x00000000eaf4d160,0x00000000eaf80000)
  to   space 1024K, 0% used [0x00000000ead80000,0x00000000ead80000,0x00000000eae80000)
 ParOldGen       total 196096K, used 184594K [0x00000000c0000000, 0x00000000cbf80000, 0x00000000eab00000)
  object space 196096K, 94% used [0x00000000c0000000,0x00000000cb444858,0x00000000cbf80000)
 Metaspace       used 69690K, committed 71040K, reserved 1114112K
  class space    used 7274K, committed 7872K, reserved 1048576K
}
Event: 20.132 GC heap after
{Heap after GC invocations=258 (full 9):
 PSYoungGen      total 3584K, used 1002K [0x00000000eab00000, 0x00000000eb180000, 0x0000000100000000)
  eden space 2560K, 0% used [0x00000000eab00000,0x00000000eab00000,0x00000000ead80000)
  from space 1024K, 97% used [0x00000000ead80000,0x00000000eae7aa58,0x00000000eae80000)
  to   space 2048K, 0% used [0x00000000eaf80000,0x00000000eaf80000,0x00000000eb180000)
 ParOldGen       total 196096K, used 185377K [0x00000000c0000000, 0x00000000cbf80000, 0x00000000eab00000)
  object space 196096K, 94% used [0x00000000c0000000,0x00000000cb5086f8,0x00000000cbf80000)
 Metaspace       used 69690K, committed 71040K, reserved 1114112K
  class space    used 7274K, committed 7872K, reserved 1048576K
}

